<?xml version="1.0" encoding="UTF-8"?>
<testng-results skipped="0" failed="0" total="1" passed="1">
  <reporter-output>
  </reporter-output>
  <suite name="Default suite" duration-ms="233" started-at="2017-05-24T09:57:46Z" finished-at="2017-05-24T09:57:46Z">
    <groups>
    </groups>
    <test name="Default test" duration-ms="233" started-at="2017-05-24T09:57:46Z" finished-at="2017-05-24T09:57:46Z">
      <class name="com.selenium.testCases.SimpleRegistrationTest">
        <test-method status="PASS" signature="loginTest()[pri:0, instance:com.selenium.testCases.SimpleRegistrationTest@742ff096]" name="loginTest" duration-ms="84" started-at="2017-05-24T15:27:46Z" finished-at="2017-05-24T15:27:46Z">
          <reporter-output>
          </reporter-output>
        </test-method> <!-- loginTest -->
        <test-method status="PASS" signature="tearDown()[pri:0, instance:com.selenium.testCases.SimpleRegistrationTest@742ff096]" name="tearDown" is-config="true" duration-ms="139" started-at="2017-05-24T15:27:46Z" finished-at="2017-05-24T15:27:46Z">
          <reporter-output>
          </reporter-output>
        </test-method> <!-- tearDown -->
      </class> <!-- com.selenium.testCases.SimpleRegistrationTest -->
    </test> <!-- Default test -->
  </suite> <!-- Default suite -->
</testng-results>
