<?xml version="1.0" encoding="UTF-8"?>
<testng-results skipped="0" failed="0" total="1" passed="1">
  <reporter-output>
  </reporter-output>
  <suite name="Default suite" duration-ms="153" started-at="2017-05-19T05:35:50Z" finished-at="2017-05-19T05:35:50Z">
    <groups>
    </groups>
    <test name="Default test" duration-ms="153" started-at="2017-05-19T05:35:50Z" finished-at="2017-05-19T05:35:50Z">
      <class name="com.seleniumwebdriver.programs.ReadValueFromExcel">
        <test-method status="PASS" signature="readValueFromExcel()[pri:0, instance:com.seleniumwebdriver.programs.ReadValueFromExcel@224edc67]" name="readValueFromExcel" duration-ms="139" started-at="2017-05-19T11:05:50Z" finished-at="2017-05-19T11:05:50Z">
          <reporter-output>
          </reporter-output>
        </test-method> <!-- readValueFromExcel -->
      </class> <!-- com.seleniumwebdriver.programs.ReadValueFromExcel -->
    </test> <!-- Default test -->
  </suite> <!-- Default suite -->
</testng-results>
