<?xml version="1.0" encoding="UTF-8"?>
<testng-results skipped="0" failed="0" total="1" passed="1">
  <reporter-output>
  </reporter-output>
  <suite name="Default suite" duration-ms="1595" started-at="2017-05-19T09:18:33Z" finished-at="2017-05-19T09:18:35Z">
    <groups>
    </groups>
    <test name="Default test" duration-ms="1595" started-at="2017-05-19T09:18:33Z" finished-at="2017-05-19T09:18:35Z">
      <class name="com.IApiTesting.TestGetAPIRequest">
        <test-method status="PASS" signature="testGetAPIRequest()[pri:0, instance:com.IApiTesting.TestGetAPIRequest@68c4039c]" name="testGetAPIRequest" duration-ms="1582" started-at="2017-05-19T14:48:33Z" finished-at="2017-05-19T14:48:35Z">
          <reporter-output>
          </reporter-output>
        </test-method> <!-- testGetAPIRequest -->
      </class> <!-- com.IApiTesting.TestGetAPIRequest -->
    </test> <!-- Default test -->
  </suite> <!-- Default suite -->
</testng-results>
